0.000139
0.000007
0.000007
0.000007
0.000007
0.000009
0.000001
0.000000
0.000000
0.000000
0.000000
0.000000
0.000000
0.000000
0.000000
0.000000
0.000000
0.000000
0.000000
0.000000
0.000000
0.000000
0.000000
0.000000
0.000000
0.000000
0.000000
0.000000
0.000000
0.000000
0.000000
0.000000
0.000000
0.000000
0.000000
0.000000
0.000000
0.000000
0.000000
0.000001
0.000001
0.000002
0.000004
0.000012
0.000001
0.000000
0.000000
0.000000
0.000001
0.000001
0.000003
0.000003
0.000001
0.000001
0.000002
0.000002
0.000004
0.000039
0.000039
0.000032
0.001424
0.001445
0.001397
0.001204
0.013204
0.012673
0.010444
0.009232
0.009264
0.010145
0.010595
0.012743
0.012783
0.012924
0.013676
0.047829
0.099146
0.129311
0.134368
0.143959
0.149810
0.224257
0.515964
0.635616
0.673813
0.708150
0.714452
0.718257
0.720226
0.722197
0.721265
0.718567
0.687848
0.660474
0.627063
0.449345
0.021332
0.060481
0.227934
0.250524
0.306254
0.326822
0.402902
0.413884
0.417087
0.431087
0.434742
0.450004
0.461547
0.480074
0.485574
0.513782
0.520336
0.473030
0.262998
0.246162
0.406766
0.406938
0.399116
0.423625
0.456934
0.496741
0.684553
0.767663
0.877570
1.011521
2.239430
2.306667
2.051458
0.021677
0.744791
1.763896
2.282631
2.574856
2.934333
3.237830
3.238311
3.233413
3.213040
0.014774
0.008153
0.008679
0.006066
0.005219
3.076989
3.188235
3.248006
3.318251
3.596693
3.841653
5.798929
5.994799
6.239276
6.500778
6.996229
7.455224
7.769957
8.207058
8.605963
8.926339
9.021042
9.087278
9.100353
9.101091
9.101228
9.101641
9.102291
9.102342
9.102304
9.101042
9.093819
9.092091
9.093906
9.387499
9.636868
9.628501
9.552171
9.446531
9.233902
8.984324
7.768168
9.073550
9.596079
9.904942
9.939851
9.986360
9.995508
9.997494
9.999465
9.998326
9.993905
9.993052
9.995848
9.994628
9.993117
9.990984
9.990734
9.992533
9.993000
9.992541
9.993863
9.995788
9.993928
9.985481
9.983515
9.986319
9.992365
9.998911
9.997962
9.996828
9.995953
9.996851
9.998168
9.999379
9.999377
9.998674
9.998486
9.998948
9.998639
9.998758
9.998697
9.997583
9.995475
9.992615
9.972782
9.962655
9.954654
9.946597
9.900633
9.694758
9.538156
9.252057
0.142496
0.412822
0.418285
9.033310
9.410437
9.704435
9.794685
9.897428
9.967457
9.992162
9.999052
9.999639
9.999279
9.999199
9.999518
9.999416
9.999121
9.999270
9.995517
9.993819
9.993698
9.995717
9.998571
9.995155
9.994445
9.995915
9.996846
9.998758
9.999526
9.999722
9.998948
9.997928
9.998193
9.998941
9.998888
9.998657
9.999085
9.999635
9.999606
9.999065
9.997858
9.995952
9.994147
9.991455
9.985617
9.974117
9.963856
9.960852
9.953459
9.905540
9.850425
9.762750
9.329126
0.080014
8.795652
8.542573
7.987549
0.221488
0.130423
7.694102
8.008091
9.142598
9.625334
9.882846
9.949119
9.967276
9.978306
9.989193
9.999127
9.999429
9.999513
9.999455
9.998965
9.998607
9.996928
9.995289
9.994308
9.993746
9.984232
9.975657
9.795244
9.464390
9.056839
8.237042
8.022375
7.818131
0.551186
0.631943
9.607095
9.904219
9.945088
9.948229
9.943712
9.938345
9.934951
9.922448
9.859276
9.786990
9.723326
9.486542
8.729535
7.815238
0.129575
0.438714
5.550700
5.723472
7.117816
7.621071
8.634614
9.734862
9.863198
9.930957
9.889727
9.576084
9.251691
0.694399
9.925491
9.962565
9.976913
9.980899
9.996691
9.999288
9.999908
9.999883
9.999783
9.999676
9.999523
9.997863
9.992412
9.991465
9.994509
9.993044
9.991398
9.991333
9.994251
9.995887
9.997178
9.997363
9.997269
9.998147
9.998280
9.997523
9.996375
9.996665
9.999062
9.999834
9.999565
9.999466
9.999700
9.998753
9.998733
9.999621
9.999932
9.999982
9.999983
9.999969
9.999742
9.999169
9.997704
9.997746
9.998563
9.999618
9.999801
9.998969
9.993321
9.981775
9.975354
9.975891
9.987918
9.997980
9.997832
9.996638
9.997362
9.999172
9.998154
9.997396
9.998609
9.999593
9.999417
9.999196
9.999403
9.999564
9.999332
9.999499
9.999805
9.999514
9.998103
9.994028
9.990552
9.991609
9.996672
9.999137
9.999142
9.999240
9.998451
9.996109
9.988278
9.974487
9.925881
9.716217
9.349735
9.348490
9.334730
9.313477
9.347933
9.369337
9.397627
9.420486
9.454828
9.511560
9.570803
9.548388
9.500960
0.124123
0.089288
0.060097
0.047905
0.046198
0.045916
0.045713
0.045504
0.045657
0.045080
0.043801
0.040125
0.913257
0.691213
0.604227
0.570770
5.154881
5.728735
6.294834
6.998922
7.762946
8.618763
9.116583
9.144340
9.191825
9.227270
9.259566
9.273710
9.274937
9.280567
9.283347
9.285012
9.290439
9.287824
9.289898
9.294628
9.294019
9.293025
9.295739
9.299544
9.301295
9.307888
9.482945
9.511942
9.536455
9.570043
9.577631
9.598979
9.583178
9.405976
8.757024
0.104756
0.094847
0.083867
0.041385
0.036385
0.033371
0.031972
0.030835
0.030236
0.029797
0.028936
0.027197
0.022384
0.019189
0.006207
0.000535
0.000277
0.000305
0.000275
0.000271
0.019111
0.025077
0.108464
0.133209
0.147840
0.165290
0.188569
0.201001
0.212538
0.295034
